<?xml version="1.0" encoding="UTF-8"?>
<testsuite name="com.snid003.calculator.CalculatorTest" tests="1" skipped="0" failures="0" errors="0" timestamp="2018-04-19T04:39:31" hostname="kimchi" time="0.001">
  <properties/>
  <testcase name="testSum" classname="com.snid003.calculator.CalculatorTest" time="0.001"/>
  <system-out><![CDATA[]]></system-out>
  <system-err><![CDATA[]]></system-err>
</testsuite>
